
> operatorapp@0.1.0 dev
> next dev

 ⚠ Port 3000 is in use, trying 3001 instead.
  ▲ Next.js 14.2.5
  - Local:        http://localhost:3001

 ✓ Starting...
 ✓ Ready in 1952ms
 ○ Compiling / ...
 ✓ Compiled / in 719ms (490 modules)
 GET / 200 in 863ms
 ✓ Compiled in 114ms (239 modules)
 GET / 200 in 35ms
 GET / 200 in 24ms
 GET / 200 in 20ms

> operatorapp@0.1.0 dev
> next dev

 ⚠ Port 3000 is in use, trying 3001 instead.
  ▲ Next.js 14.2.5
  - Local:        http://localhost:3001

 ✓ Starting...
 ✓ Ready in 1156ms
 ○ Compiling / ...
 ✓ Compiled / in 689ms (490 modules)
 GET / 200 in 839ms
 ✓ Compiled in 124ms (239 modules)
 GET / 200 in 32ms
 ✓ Compiled /favicon.ico in 84ms (281 modules)
 GET /favicon.ico 200 in 139ms
 GET / 200 in 56ms
 GET / 200 in 28ms
 GET /favicon.ico 200 in 6ms
 GET / 200 in 25ms
 GET /favicon.ico 200 in 4ms
 GET / 200 in 21ms
 GET / 200 in 22ms
 GET / 200 in 36ms

> operatorapp@0.1.0 dev
> next dev

 ⚠ Port 3000 is in use, trying 3001 instead.
 ⚠ Port 3001 is in use, trying 3002 instead.
  ▲ Next.js 14.2.5
  - Local:        http://localhost:3002

 ✓ Starting...
 ✓ Ready in 1336ms
 ✓ Compiled /favicon.ico in 135ms (53 modules)
 GET /favicon.ico 200 in 190ms
 ○ Compiling / ...
 ✓ Compiled / in 641ms (520 modules)
 GET / 200 in 761ms
 ✓ Compiled in 89ms (239 modules)
 GET / 200 in 31ms
